[debug] [2020-11-08T06:36:42.761Z] : 
[debug] [2020-11-08T06:36:42.763Z] : ----------------------------------------------------------------------
[debug] [2020-11-08T06:36:42.764Z] : Command:      C:\Program Files\nodejs\node.exe C:\Users\Lenovo\AppData\Roaming\npm\node_modules\zcatalyst-cli\lib\bin\catalyst.js deploy
[debug] [2020-11-08T06:36:42.764Z] : CLI Version:  1.2.1
[debug] [2020-11-08T06:36:42.764Z] : Platform:     win32
[debug] [2020-11-08T06:36:42.765Z] : Node Version: v14.15.0
[debug] [2020-11-08T06:36:42.767Z] : Time:         Sun Nov 08 2020 12:06:42 GMT+0530 (India Standard Time)
[debug] [2020-11-08T06:36:42.767Z] : ----------------------------------------------------------------------
[debug] [2020-11-08T06:36:42.768Z] : 
[debug] [2020-11-08T06:36:50.895Z] : > authorizing via signed-in user option
[debug] [2020-11-08T06:36:50.896Z] : > command requires scopes: ["ZohoCatalyst.projects.ALL","ZohoCatalyst.functions.ALL","ZohoCatalyst.webapp.ALL"]
[debug] [2020-11-08T06:36:50.922Z] : >>>> HTTP REQUEST : GET https://api.catalyst.zoho.com/baas/v1/project/1835000000041133 

[debug] [2020-11-08T06:36:52.389Z] : <<<< HTTP RESPONSE : 200
Response Headers: {"server":"ZGS","date":"Sun, 08 Nov 2020 06:36:51 GMT","content-type":"application/json;charset=UTF-8","transfer-encoding":"chunked","connection":"close","set-cookie":["46512fd555=ba2a1b22f2a5e14b0d2647f7e38884fc; Path=/","ZD_CSRF_TOKEN=b0c4783c-fbd5-4e69-b4b5-b64fb1c0fda2;path=/;SameSite=None;Secure;priority=high","_zcsr_tmp=b0c4783c-fbd5-4e69-b4b5-b64fb1c0fda2;path=/;SameSite=Strict;Secure;priority=high"],"x-content-type-options":"nosniff","x-xss-protection":"1","pragma":"no-cache","cache-control":"no-cache","expires":"Thu, 01 Jan 1970 00:00:00 GMT","x-frame-options":"DENY","vary":"accept-encoding","strict-transport-security":"max-age=63072000"}

[debug] [2020-11-08T06:36:52.398Z] : >>>> HTTP REQUEST : GET https://api.catalyst.zoho.com/baas/v1/project/1835000000041133/environment 

[debug] [2020-11-08T06:36:53.332Z] : <<<< HTTP RESPONSE : 200
Response Headers: {"server":"ZGS","date":"Sun, 08 Nov 2020 06:36:52 GMT","content-type":"application/json;charset=UTF-8","transfer-encoding":"chunked","connection":"close","set-cookie":["46512fd555=014ce485bf2cf2299de0faf2fad1caf1; Path=/","ZD_CSRF_TOKEN=6ae3c9a9-c9c6-40ee-a18b-54057751ee63;path=/;SameSite=None;Secure;priority=high","_zcsr_tmp=6ae3c9a9-c9c6-40ee-a18b-54057751ee63;path=/;SameSite=Strict;Secure;priority=high"],"x-content-type-options":"nosniff","x-xss-protection":"1","pragma":"no-cache","cache-control":"no-cache","expires":"Thu, 01 Jan 1970 00:00:00 GMT","x-frame-options":"DENY","vary":"accept-encoding","strict-transport-security":"max-age=63072000"}

[debug] [2020-11-08T06:36:53.340Z] : migration in process
[debug] [2020-11-08T06:36:53.341Z] : migration completed
[debug] [2020-11-08T06:36:54.911Z] : >>>> HTTP REQUEST : GET https://api.catalyst.zoho.com/baas/v1/project/1835000000041133/function 
Query params: {"type":"basicio,event,cron,applogic"}

[debug] [2020-11-08T06:36:55.893Z] : <<<< HTTP RESPONSE : 200
Response Headers: {"server":"ZGS","date":"Sun, 08 Nov 2020 06:36:55 GMT","content-type":"application/json;charset=UTF-8","transfer-encoding":"chunked","connection":"close","set-cookie":["46512fd555=63dd9cf89a6678b816d9580ec827ee61; Path=/","ZD_CSRF_TOKEN=de73f815-04b3-4f54-bd05-6f35f8abe2bc;path=/;SameSite=None;Secure;priority=high","_zcsr_tmp=de73f815-04b3-4f54-bd05-6f35f8abe2bc;path=/;SameSite=Strict;Secure;priority=high"],"x-content-type-options":"nosniff","x-xss-protection":"1","pragma":"no-cache","cache-control":"no-cache","expires":"Thu, 01 Jan 1970 00:00:00 GMT","x-frame-options":"DENY","vary":"accept-encoding","strict-transport-security":"max-age=63072000"}

[debug] [2020-11-08T06:37:00.265Z] : >>>> HTTP REQUEST : PUT https://api.catalyst.zoho.com/baas/v1/project/1835000000041133/server/upsert 

[debug] [2020-11-08T06:37:06.249Z] : <<<< HTTP RESPONSE : 200
Response Headers: {"server":"ZGS","date":"Sun, 08 Nov 2020 06:37:05 GMT","content-type":"application/json;charset=UTF-8","transfer-encoding":"chunked","connection":"close","set-cookie":["46512fd555=bbdfb771565421abbe10f7a180903d28; Path=/","ZD_CSRF_TOKEN=024fc4d3-9559-4177-879c-2fea95737bf3;path=/;SameSite=None;Secure;priority=high","_zcsr_tmp=024fc4d3-9559-4177-879c-2fea95737bf3;path=/;SameSite=Strict;Secure;priority=high"],"x-content-type-options":"nosniff","x-xss-protection":"1","pragma":"no-cache","cache-control":"no-cache","expires":"Thu, 01 Jan 1970 00:00:00 GMT","x-frame-options":"DENY","vary":"accept-encoding","strict-transport-security":"max-age=63072000"}

[debug] [2020-11-08T06:40:37.252Z] : Original Error: Error: Error: EMFILE: too many open files, open 'C:\Users\Lenovo\AppData\Roaming\zcatalyst-cli-nodejs\Config\zcatalyst-cli.json'
    at Object.openSync (fs.js:476:3)
    at Object.readFileSync (fs.js:377:35)
    at Conf.get store [as store] (C:\Users\Lenovo\AppData\Roaming\npm\node_modules\zcatalyst-cli\node_modules\conf\dist\source\index.js:262:29)
    at Conf.delete (C:\Users\Lenovo\AppData\Roaming\npm\node_modules\zcatalyst-cli\node_modules\conf\dist\source\index.js:213:17)
    at C:\Users\Lenovo\AppData\Roaming\npm\node_modules\zcatalyst-cli\lib\bin\catalyst.js:63:38
    at Generator.next (<anonymous>)
    at C:\Users\Lenovo\AppData\Roaming\npm\node_modules\zcatalyst-cli\lib\bin\catalyst.js:9:71
    at new Promise (<anonymous>)
    at __awaiter (C:\Users\Lenovo\AppData\Roaming\npm\node_modules\zcatalyst-cli\lib\bin\catalyst.js:5:12)
    at process.<anonymous> (C:\Users\Lenovo\AppData\Roaming\npm\node_modules\zcatalyst-cli\lib\bin\catalyst.js:39:36) {
  errno: -4066,
  syscall: 'open',
  code: 'EMFILE',
  path: 'C:\\Users\\Lenovo\\AppData\\Roaming\\zcatalyst-cli-nodejs\\Config\\zcatalyst-cli.json'
}
    at Object.default_1 [as default] (C:\Users\Lenovo\AppData\Roaming\npm\node_modules\zcatalyst-cli\lib\errorOut.js:14:23)
    at Client.errorOut (C:\Users\Lenovo\AppData\Roaming\npm\node_modules\zcatalyst-cli\lib\client.js:38:27)
    at process.<anonymous> (C:\Users\Lenovo\AppData\Roaming\npm\node_modules\zcatalyst-cli\lib\bin\catalyst.js:85:17)
    at process.emit (events.js:315:20)
    at processPromiseRejections (internal/process/promises.js:245:33)
    at processTicksAndRejections (internal/process/task_queues.js:94:32)
[error] [2020-11-08T06:40:37.454Z] : × Error: An unexpected error has occurred.
[debug] [2020-11-08T06:40:37.455Z] : Error Stack: CatalystError: An unexpected error has occurred.
    at Object.default_1 [as default] (C:\Users\Lenovo\AppData\Roaming\npm\node_modules\zcatalyst-cli\lib\errorOut.js:12:17)
    at Client.errorOut (C:\Users\Lenovo\AppData\Roaming\npm\node_modules\zcatalyst-cli\lib\client.js:38:27)
    at process.<anonymous> (C:\Users\Lenovo\AppData\Roaming\npm\node_modules\zcatalyst-cli\lib\bin\catalyst.js:85:17)
    at process.emit (events.js:315:20)
    at processPromiseRejections (internal/process/promises.js:245:33)
    at processTicksAndRejections (internal/process/task_queues.js:94:32)
[debug] [2020-11-08T06:40:37.456Z] : Error Status: 500
[error] [2020-11-08T06:40:40.379Z] : uncaughtException: EMFILE: too many open files, open 'C:\Users\Lenovo\AppData\Roaming\npm\node_modules\zcatalyst-cli\node_modules\update-notifier\index.js'
Error: EMFILE: too many open files, open 'C:\Users\Lenovo\AppData\Roaming\npm\node_modules\zcatalyst-cli\node_modules\update-notifier\index.js'
    at Object.openSync (fs.js:476:3)
    at Object.readFileSync (fs.js:377:35)
    at Object.Module._extensions..js (internal/modules/cjs/loader.js:1090:18)
    at Module.load (internal/modules/cjs/loader.js:928:32)
    at Function.Module._load (internal/modules/cjs/loader.js:769:14)
    at Module.require (internal/modules/cjs/loader.js:952:19)
    at require (internal/modules/cjs/helpers.js:88:18)
    at process.<anonymous> (C:\Users\Lenovo\AppData\Roaming\npm\node_modules\zcatalyst-cli\lib\bin\catalyst.js:76:5)
    at process.emit (events.js:327:22)
    at process.exit (internal/process/per_thread.js:169:15)
[debug] [2020-11-08T06:40:40.380Z] : Original Error: Error: EMFILE: too many open files, open 'C:\Users\Lenovo\AppData\Roaming\npm\node_modules\zcatalyst-cli\node_modules\update-notifier\index.js'
    at Object.openSync (fs.js:476:3)
    at Object.readFileSync (fs.js:377:35)
    at Object.Module._extensions..js (internal/modules/cjs/loader.js:1090:18)
    at Module.load (internal/modules/cjs/loader.js:928:32)
    at Function.Module._load (internal/modules/cjs/loader.js:769:14)
    at Module.require (internal/modules/cjs/loader.js:952:19)
    at require (internal/modules/cjs/helpers.js:88:18)
    at process.<anonymous> (C:\Users\Lenovo\AppData\Roaming\npm\node_modules\zcatalyst-cli\lib\bin\catalyst.js:76:5)
    at process.emit (events.js:327:22)
    at process.exit (internal/process/per_thread.js:169:15)
[error] [2020-11-08T06:40:40.381Z] : × Error: An unexpected error has occurred.
[debug] [2020-11-08T06:40:40.382Z] : Error Stack: CatalystError: An unexpected error has occurred.
    at Object.default_1 [as default] (C:\Users\Lenovo\AppData\Roaming\npm\node_modules\zcatalyst-cli\lib\errorOut.js:20:17)
    at Client.errorOut (C:\Users\Lenovo\AppData\Roaming\npm\node_modules\zcatalyst-cli\lib\client.js:38:27)
    at process.<anonymous> (C:\Users\Lenovo\AppData\Roaming\npm\node_modules\zcatalyst-cli\lib\bin\catalyst.js:82:17)
    at process.emit (events.js:327:22)
    at process._fatalException (internal/process/execution.js:156:25)
[debug] [2020-11-08T06:40:40.382Z] : Error Status: 500
[debug] [2020-11-08T06:40:53.101Z] : 
[debug] [2020-11-08T06:40:53.103Z] : ----------------------------------------------------------------------
[debug] [2020-11-08T06:40:53.104Z] : Command:      C:\Program Files\nodejs\node.exe C:\Users\Lenovo\AppData\Roaming\npm\node_modules\zcatalyst-cli\lib\bin\catalyst.js deploy
[debug] [2020-11-08T06:40:53.104Z] : CLI Version:  1.2.1
[debug] [2020-11-08T06:40:53.104Z] : Platform:     win32
[debug] [2020-11-08T06:40:53.104Z] : Node Version: v14.15.0
[debug] [2020-11-08T06:40:53.107Z] : Time:         Sun Nov 08 2020 12:10:53 GMT+0530 (India Standard Time)
[debug] [2020-11-08T06:40:53.107Z] : ----------------------------------------------------------------------
[debug] [2020-11-08T06:40:53.107Z] : 
[debug] [2020-11-08T06:40:55.332Z] : > authorizing via signed-in user option
[debug] [2020-11-08T06:40:55.333Z] : > command requires scopes: ["ZohoCatalyst.projects.ALL","ZohoCatalyst.functions.ALL","ZohoCatalyst.webapp.ALL"]
[debug] [2020-11-08T06:40:55.358Z] : >>>> HTTP REQUEST : GET https://api.catalyst.zoho.com/baas/v1/project/1835000000041133 

[debug] [2020-11-08T06:40:56.872Z] : <<<< HTTP RESPONSE : 200
Response Headers: {"server":"ZGS","date":"Sun, 08 Nov 2020 06:40:56 GMT","content-type":"application/json;charset=UTF-8","transfer-encoding":"chunked","connection":"close","set-cookie":["46512fd555=63dd9cf89a6678b816d9580ec827ee61; Path=/","ZD_CSRF_TOKEN=03ed97b1-1535-4428-a616-22b2fe0f343b;path=/;SameSite=None;Secure;priority=high","_zcsr_tmp=03ed97b1-1535-4428-a616-22b2fe0f343b;path=/;SameSite=Strict;Secure;priority=high"],"x-content-type-options":"nosniff","x-xss-protection":"1","pragma":"no-cache","cache-control":"no-cache","expires":"Thu, 01 Jan 1970 00:00:00 GMT","x-frame-options":"DENY","vary":"accept-encoding","strict-transport-security":"max-age=63072000"}

[debug] [2020-11-08T06:40:56.881Z] : >>>> HTTP REQUEST : GET https://api.catalyst.zoho.com/baas/v1/project/1835000000041133/environment 

[debug] [2020-11-08T06:40:57.836Z] : <<<< HTTP RESPONSE : 200
Response Headers: {"server":"ZGS","date":"Sun, 08 Nov 2020 06:40:57 GMT","content-type":"application/json;charset=UTF-8","transfer-encoding":"chunked","connection":"close","set-cookie":["46512fd555=ba2a1b22f2a5e14b0d2647f7e38884fc; Path=/","ZD_CSRF_TOKEN=6d68e393-0984-4903-b98b-5b76ffbe8e35;path=/;SameSite=None;Secure;priority=high","_zcsr_tmp=6d68e393-0984-4903-b98b-5b76ffbe8e35;path=/;SameSite=Strict;Secure;priority=high"],"x-content-type-options":"nosniff","x-xss-protection":"1","pragma":"no-cache","cache-control":"no-cache","expires":"Thu, 01 Jan 1970 00:00:00 GMT","x-frame-options":"DENY","vary":"accept-encoding","strict-transport-security":"max-age=63072000"}

[debug] [2020-11-08T06:40:57.843Z] : migration in process
[debug] [2020-11-08T06:40:57.845Z] : migration completed
[debug] [2020-11-08T06:40:58.216Z] : >>>> HTTP REQUEST : GET https://api.catalyst.zoho.com/baas/v1/project/1835000000041133/function 
Query params: {"type":"basicio,event,cron,applogic"}

[debug] [2020-11-08T06:40:59.425Z] : <<<< HTTP RESPONSE : 200
Response Headers: {"server":"ZGS","date":"Sun, 08 Nov 2020 06:40:58 GMT","content-type":"application/json;charset=UTF-8","transfer-encoding":"chunked","connection":"close","set-cookie":["46512fd555=ba2a1b22f2a5e14b0d2647f7e38884fc; Path=/","ZD_CSRF_TOKEN=657052bb-ff20-4c54-89c7-5f07050ededd;path=/;SameSite=None;Secure;priority=high","_zcsr_tmp=657052bb-ff20-4c54-89c7-5f07050ededd;path=/;SameSite=Strict;Secure;priority=high"],"x-content-type-options":"nosniff","x-xss-protection":"1","pragma":"no-cache","cache-control":"no-cache","expires":"Thu, 01 Jan 1970 00:00:00 GMT","x-frame-options":"DENY","vary":"accept-encoding","strict-transport-security":"max-age=63072000"}

[debug] [2020-11-08T06:41:00.648Z] : >>>> HTTP REQUEST : PUT https://api.catalyst.zoho.com/baas/v1/project/1835000000041133/server/upsert 

[debug] [2020-11-08T06:41:09.650Z] : <<<< HTTP RESPONSE : 200
Response Headers: {"server":"ZGS","date":"Sun, 08 Nov 2020 06:41:09 GMT","content-type":"application/json;charset=UTF-8","transfer-encoding":"chunked","connection":"close","set-cookie":["46512fd555=63dd9cf89a6678b816d9580ec827ee61; Path=/","ZD_CSRF_TOKEN=e4131af6-b5af-4077-b346-0dd95b3436f3;path=/;SameSite=None;Secure;priority=high","_zcsr_tmp=e4131af6-b5af-4077-b346-0dd95b3436f3;path=/;SameSite=Strict;Secure;priority=high"],"x-content-type-options":"nosniff","x-xss-protection":"1","pragma":"no-cache","cache-control":"no-cache","expires":"Thu, 01 Jan 1970 00:00:00 GMT","x-frame-options":"DENY","vary":"accept-encoding","strict-transport-security":"max-age=63072000"}

[debug] [2020-11-08T06:42:05.342Z] : Original Error: Error: Error: EMFILE: too many open files, open 'C:\Users\Lenovo\AppData\Roaming\zcatalyst-cli-nodejs\Config\zcatalyst-cli.json'
    at Object.openSync (fs.js:476:3)
    at Object.readFileSync (fs.js:377:35)
    at Conf.get store [as store] (C:\Users\Lenovo\AppData\Roaming\npm\node_modules\zcatalyst-cli\node_modules\conf\dist\source\index.js:262:29)
    at Conf.delete (C:\Users\Lenovo\AppData\Roaming\npm\node_modules\zcatalyst-cli\node_modules\conf\dist\source\index.js:213:17)
    at C:\Users\Lenovo\AppData\Roaming\npm\node_modules\zcatalyst-cli\lib\bin\catalyst.js:63:38
    at Generator.next (<anonymous>)
    at C:\Users\Lenovo\AppData\Roaming\npm\node_modules\zcatalyst-cli\lib\bin\catalyst.js:9:71
    at new Promise (<anonymous>)
    at __awaiter (C:\Users\Lenovo\AppData\Roaming\npm\node_modules\zcatalyst-cli\lib\bin\catalyst.js:5:12)
    at process.<anonymous> (C:\Users\Lenovo\AppData\Roaming\npm\node_modules\zcatalyst-cli\lib\bin\catalyst.js:39:36) {
  errno: -4066,
  syscall: 'open',
  code: 'EMFILE',
  path: 'C:\\Users\\Lenovo\\AppData\\Roaming\\zcatalyst-cli-nodejs\\Config\\zcatalyst-cli.json'
}
    at Object.default_1 [as default] (C:\Users\Lenovo\AppData\Roaming\npm\node_modules\zcatalyst-cli\lib\errorOut.js:14:23)
    at Client.errorOut (C:\Users\Lenovo\AppData\Roaming\npm\node_modules\zcatalyst-cli\lib\client.js:38:27)
    at process.<anonymous> (C:\Users\Lenovo\AppData\Roaming\npm\node_modules\zcatalyst-cli\lib\bin\catalyst.js:85:17)
    at process.emit (events.js:315:20)
    at processPromiseRejections (internal/process/promises.js:245:33)
    at processTicksAndRejections (internal/process/task_queues.js:94:32)
[error] [2020-11-08T06:42:05.347Z] : × Error: An unexpected error has occurred.
[debug] [2020-11-08T06:42:05.349Z] : Error Stack: CatalystError: An unexpected error has occurred.
    at Object.default_1 [as default] (C:\Users\Lenovo\AppData\Roaming\npm\node_modules\zcatalyst-cli\lib\errorOut.js:12:17)
    at Client.errorOut (C:\Users\Lenovo\AppData\Roaming\npm\node_modules\zcatalyst-cli\lib\client.js:38:27)
    at process.<anonymous> (C:\Users\Lenovo\AppData\Roaming\npm\node_modules\zcatalyst-cli\lib\bin\catalyst.js:85:17)
    at process.emit (events.js:315:20)
    at processPromiseRejections (internal/process/promises.js:245:33)
    at processTicksAndRejections (internal/process/task_queues.js:94:32)
[debug] [2020-11-08T06:42:05.349Z] : Error Status: 500
[error] [2020-11-08T06:42:06.407Z] : uncaughtException: EMFILE: too many open files, open 'C:\Users\Lenovo\AppData\Roaming\npm\node_modules\zcatalyst-cli\node_modules\update-notifier\index.js'
Error: EMFILE: too many open files, open 'C:\Users\Lenovo\AppData\Roaming\npm\node_modules\zcatalyst-cli\node_modules\update-notifier\index.js'
    at Object.openSync (fs.js:476:3)
    at Object.readFileSync (fs.js:377:35)
    at Object.Module._extensions..js (internal/modules/cjs/loader.js:1090:18)
    at Module.load (internal/modules/cjs/loader.js:928:32)
    at Function.Module._load (internal/modules/cjs/loader.js:769:14)
    at Module.require (internal/modules/cjs/loader.js:952:19)
    at require (internal/modules/cjs/helpers.js:88:18)
    at process.<anonymous> (C:\Users\Lenovo\AppData\Roaming\npm\node_modules\zcatalyst-cli\lib\bin\catalyst.js:76:5)
    at process.emit (events.js:327:22)
    at process.exit (internal/process/per_thread.js:169:15)
[debug] [2020-11-08T06:42:06.408Z] : Original Error: Error: EMFILE: too many open files, open 'C:\Users\Lenovo\AppData\Roaming\npm\node_modules\zcatalyst-cli\node_modules\update-notifier\index.js'
    at Object.openSync (fs.js:476:3)
    at Object.readFileSync (fs.js:377:35)
    at Object.Module._extensions..js (internal/modules/cjs/loader.js:1090:18)
    at Module.load (internal/modules/cjs/loader.js:928:32)
    at Function.Module._load (internal/modules/cjs/loader.js:769:14)
    at Module.require (internal/modules/cjs/loader.js:952:19)
    at require (internal/modules/cjs/helpers.js:88:18)
    at process.<anonymous> (C:\Users\Lenovo\AppData\Roaming\npm\node_modules\zcatalyst-cli\lib\bin\catalyst.js:76:5)
    at process.emit (events.js:327:22)
    at process.exit (internal/process/per_thread.js:169:15)
[error] [2020-11-08T06:42:06.410Z] : × Error: An unexpected error has occurred.
[debug] [2020-11-08T06:42:06.410Z] : Error Stack: CatalystError: An unexpected error has occurred.
    at Object.default_1 [as default] (C:\Users\Lenovo\AppData\Roaming\npm\node_modules\zcatalyst-cli\lib\errorOut.js:20:17)
    at Client.errorOut (C:\Users\Lenovo\AppData\Roaming\npm\node_modules\zcatalyst-cli\lib\client.js:38:27)
    at process.<anonymous> (C:\Users\Lenovo\AppData\Roaming\npm\node_modules\zcatalyst-cli\lib\bin\catalyst.js:82:17)
    at process.emit (events.js:327:22)
    at process._fatalException (internal/process/execution.js:156:25)
[debug] [2020-11-08T06:42:06.442Z] : Error Status: 500
[debug] [2020-11-08T06:43:35.354Z] : 
[debug] [2020-11-08T06:43:35.356Z] : ----------------------------------------------------------------------
[debug] [2020-11-08T06:43:35.357Z] : Command:      C:\Program Files\nodejs\node.exe C:\Users\Lenovo\AppData\Roaming\npm\node_modules\zcatalyst-cli\lib\bin\catalyst.js deploy
[debug] [2020-11-08T06:43:35.357Z] : CLI Version:  1.2.1
[debug] [2020-11-08T06:43:35.357Z] : Platform:     win32
[debug] [2020-11-08T06:43:35.358Z] : Node Version: v14.15.0
[debug] [2020-11-08T06:43:35.360Z] : Time:         Sun Nov 08 2020 12:13:35 GMT+0530 (India Standard Time)
[debug] [2020-11-08T06:43:35.360Z] : ----------------------------------------------------------------------
[debug] [2020-11-08T06:43:35.361Z] : 
[debug] [2020-11-08T06:43:37.211Z] : > authorizing via signed-in user option
[debug] [2020-11-08T06:43:37.212Z] : > command requires scopes: ["ZohoCatalyst.projects.ALL","ZohoCatalyst.functions.ALL","ZohoCatalyst.webapp.ALL"]
[debug] [2020-11-08T06:43:37.239Z] : >>>> HTTP REQUEST : GET https://api.catalyst.zoho.com/baas/v1/project/1835000000041133 

[debug] [2020-11-08T06:43:38.800Z] : <<<< HTTP RESPONSE : 200
Response Headers: {"server":"ZGS","date":"Sun, 08 Nov 2020 06:43:38 GMT","content-type":"application/json;charset=UTF-8","transfer-encoding":"chunked","connection":"close","set-cookie":["46512fd555=014ce485bf2cf2299de0faf2fad1caf1; Path=/","ZD_CSRF_TOKEN=2a9b038c-1570-4de2-9499-1581d8d9a0c5;path=/;SameSite=None;Secure;priority=high","_zcsr_tmp=2a9b038c-1570-4de2-9499-1581d8d9a0c5;path=/;SameSite=Strict;Secure;priority=high"],"x-content-type-options":"nosniff","x-xss-protection":"1","pragma":"no-cache","cache-control":"no-cache","expires":"Thu, 01 Jan 1970 00:00:00 GMT","x-frame-options":"DENY","vary":"accept-encoding","strict-transport-security":"max-age=63072000"}

[debug] [2020-11-08T06:43:38.809Z] : >>>> HTTP REQUEST : GET https://api.catalyst.zoho.com/baas/v1/project/1835000000041133/environment 

[debug] [2020-11-08T06:43:39.716Z] : <<<< HTTP RESPONSE : 200
Response Headers: {"server":"ZGS","date":"Sun, 08 Nov 2020 06:43:39 GMT","content-type":"application/json;charset=UTF-8","transfer-encoding":"chunked","connection":"close","set-cookie":["46512fd555=63dd9cf89a6678b816d9580ec827ee61; Path=/","ZD_CSRF_TOKEN=c4d1b0b9-1df6-4b37-92b6-9c25e3d54f59;path=/;SameSite=None;Secure;priority=high","_zcsr_tmp=c4d1b0b9-1df6-4b37-92b6-9c25e3d54f59;path=/;SameSite=Strict;Secure;priority=high"],"x-content-type-options":"nosniff","x-xss-protection":"1","pragma":"no-cache","cache-control":"no-cache","expires":"Thu, 01 Jan 1970 00:00:00 GMT","x-frame-options":"DENY","vary":"accept-encoding","strict-transport-security":"max-age=63072000"}

[debug] [2020-11-08T06:43:39.723Z] : migration in process
[debug] [2020-11-08T06:43:39.725Z] : migration completed
[debug] [2020-11-08T06:43:40.038Z] : >>>> HTTP REQUEST : GET https://api.catalyst.zoho.com/baas/v1/project/1835000000041133/function 
Query params: {"type":"basicio,event,cron,applogic"}

[debug] [2020-11-08T06:43:41.033Z] : <<<< HTTP RESPONSE : 200
Response Headers: {"server":"ZGS","date":"Sun, 08 Nov 2020 06:43:40 GMT","content-type":"application/json;charset=UTF-8","transfer-encoding":"chunked","connection":"close","set-cookie":["46512fd555=63dd9cf89a6678b816d9580ec827ee61; Path=/","ZD_CSRF_TOKEN=10ac9b51-cb9c-4b80-ae47-86b306cfb3d3;path=/;SameSite=None;Secure;priority=high","_zcsr_tmp=10ac9b51-cb9c-4b80-ae47-86b306cfb3d3;path=/;SameSite=Strict;Secure;priority=high"],"x-content-type-options":"nosniff","x-xss-protection":"1","pragma":"no-cache","cache-control":"no-cache","expires":"Thu, 01 Jan 1970 00:00:00 GMT","x-frame-options":"DENY","vary":"accept-encoding","strict-transport-security":"max-age=63072000"}

[debug] [2020-11-08T06:43:42.138Z] : >>>> HTTP REQUEST : PUT https://api.catalyst.zoho.com/baas/v1/project/1835000000041133/server/upsert 

[debug] [2020-11-08T06:43:51.078Z] : <<<< HTTP RESPONSE : 200
Response Headers: {"server":"ZGS","date":"Sun, 08 Nov 2020 06:43:50 GMT","content-type":"application/json;charset=UTF-8","transfer-encoding":"chunked","connection":"close","set-cookie":["46512fd555=014ce485bf2cf2299de0faf2fad1caf1; Path=/","ZD_CSRF_TOKEN=91f597d2-e3a7-4b35-b01a-57aee166b618;path=/;SameSite=None;Secure;priority=high","_zcsr_tmp=91f597d2-e3a7-4b35-b01a-57aee166b618;path=/;SameSite=Strict;Secure;priority=high"],"x-content-type-options":"nosniff","x-xss-protection":"1","pragma":"no-cache","cache-control":"no-cache","expires":"Thu, 01 Jan 1970 00:00:00 GMT","x-frame-options":"DENY","vary":"accept-encoding","strict-transport-security":"max-age=63072000"}

[debug] [2020-11-08T06:44:49.163Z] : Original Error: Error: Error: EMFILE: too many open files, open 'C:\Users\Lenovo\AppData\Roaming\zcatalyst-cli-nodejs\Config\zcatalyst-cli.json'
    at Object.openSync (fs.js:476:3)
    at Object.readFileSync (fs.js:377:35)
    at Conf.get store [as store] (C:\Users\Lenovo\AppData\Roaming\npm\node_modules\zcatalyst-cli\node_modules\conf\dist\source\index.js:262:29)
    at Conf.delete (C:\Users\Lenovo\AppData\Roaming\npm\node_modules\zcatalyst-cli\node_modules\conf\dist\source\index.js:213:17)
    at C:\Users\Lenovo\AppData\Roaming\npm\node_modules\zcatalyst-cli\lib\bin\catalyst.js:63:38
    at Generator.next (<anonymous>)
    at C:\Users\Lenovo\AppData\Roaming\npm\node_modules\zcatalyst-cli\lib\bin\catalyst.js:9:71
    at new Promise (<anonymous>)
    at __awaiter (C:\Users\Lenovo\AppData\Roaming\npm\node_modules\zcatalyst-cli\lib\bin\catalyst.js:5:12)
    at process.<anonymous> (C:\Users\Lenovo\AppData\Roaming\npm\node_modules\zcatalyst-cli\lib\bin\catalyst.js:39:36) {
  errno: -4066,
  syscall: 'open',
  code: 'EMFILE',
  path: 'C:\\Users\\Lenovo\\AppData\\Roaming\\zcatalyst-cli-nodejs\\Config\\zcatalyst-cli.json'
}
    at Object.default_1 [as default] (C:\Users\Lenovo\AppData\Roaming\npm\node_modules\zcatalyst-cli\lib\errorOut.js:14:23)
    at Client.errorOut (C:\Users\Lenovo\AppData\Roaming\npm\node_modules\zcatalyst-cli\lib\client.js:38:27)
    at process.<anonymous> (C:\Users\Lenovo\AppData\Roaming\npm\node_modules\zcatalyst-cli\lib\bin\catalyst.js:85:17)
    at process.emit (events.js:315:20)
    at processPromiseRejections (internal/process/promises.js:245:33)
    at processTicksAndRejections (internal/process/task_queues.js:94:32)
[error] [2020-11-08T06:44:49.169Z] : × Error: An unexpected error has occurred.
[debug] [2020-11-08T06:44:49.169Z] : Error Stack: CatalystError: An unexpected error has occurred.
    at Object.default_1 [as default] (C:\Users\Lenovo\AppData\Roaming\npm\node_modules\zcatalyst-cli\lib\errorOut.js:12:17)
    at Client.errorOut (C:\Users\Lenovo\AppData\Roaming\npm\node_modules\zcatalyst-cli\lib\client.js:38:27)
    at process.<anonymous> (C:\Users\Lenovo\AppData\Roaming\npm\node_modules\zcatalyst-cli\lib\bin\catalyst.js:85:17)
    at process.emit (events.js:315:20)
    at processPromiseRejections (internal/process/promises.js:245:33)
    at processTicksAndRejections (internal/process/task_queues.js:94:32)
[debug] [2020-11-08T06:44:49.169Z] : Error Status: 500
[error] [2020-11-08T06:44:50.652Z] : uncaughtException: EMFILE: too many open files, open 'C:\Users\Lenovo\AppData\Roaming\npm\node_modules\zcatalyst-cli\node_modules\update-notifier\index.js'
Error: EMFILE: too many open files, open 'C:\Users\Lenovo\AppData\Roaming\npm\node_modules\zcatalyst-cli\node_modules\update-notifier\index.js'
    at Object.openSync (fs.js:476:3)
    at Object.readFileSync (fs.js:377:35)
    at Object.Module._extensions..js (internal/modules/cjs/loader.js:1090:18)
    at Module.load (internal/modules/cjs/loader.js:928:32)
    at Function.Module._load (internal/modules/cjs/loader.js:769:14)
    at Module.require (internal/modules/cjs/loader.js:952:19)
    at require (internal/modules/cjs/helpers.js:88:18)
    at process.<anonymous> (C:\Users\Lenovo\AppData\Roaming\npm\node_modules\zcatalyst-cli\lib\bin\catalyst.js:76:5)
    at process.emit (events.js:327:22)
    at process.exit (internal/process/per_thread.js:169:15)
[debug] [2020-11-08T06:44:50.653Z] : Original Error: Error: EMFILE: too many open files, open 'C:\Users\Lenovo\AppData\Roaming\npm\node_modules\zcatalyst-cli\node_modules\update-notifier\index.js'
    at Object.openSync (fs.js:476:3)
    at Object.readFileSync (fs.js:377:35)
    at Object.Module._extensions..js (internal/modules/cjs/loader.js:1090:18)
    at Module.load (internal/modules/cjs/loader.js:928:32)
    at Function.Module._load (internal/modules/cjs/loader.js:769:14)
    at Module.require (internal/modules/cjs/loader.js:952:19)
    at require (internal/modules/cjs/helpers.js:88:18)
    at process.<anonymous> (C:\Users\Lenovo\AppData\Roaming\npm\node_modules\zcatalyst-cli\lib\bin\catalyst.js:76:5)
    at process.emit (events.js:327:22)
    at process.exit (internal/process/per_thread.js:169:15)
[error] [2020-11-08T06:44:50.655Z] : × Error: An unexpected error has occurred.
[debug] [2020-11-08T06:44:50.656Z] : Error Stack: CatalystError: An unexpected error has occurred.
    at Object.default_1 [as default] (C:\Users\Lenovo\AppData\Roaming\npm\node_modules\zcatalyst-cli\lib\errorOut.js:20:17)
    at Client.errorOut (C:\Users\Lenovo\AppData\Roaming\npm\node_modules\zcatalyst-cli\lib\client.js:38:27)
    at process.<anonymous> (C:\Users\Lenovo\AppData\Roaming\npm\node_modules\zcatalyst-cli\lib\bin\catalyst.js:82:17)
    at process.emit (events.js:327:22)
    at process._fatalException (internal/process/execution.js:156:25)
[debug] [2020-11-08T06:44:50.656Z] : Error Status: 500
